2025-11-03 16:05:35,281 - INFO - Setup Wizard started
2025-11-03 16:05:35,281 - INFO - Script directory: C:\Users\peter\OneDrive\Documents\Coding\gui
2025-11-03 16:05:35,282 - INFO - Debug mode: True
2025-11-03 16:05:35,284 - INFO - Main library: productivity_app
2025-11-03 16:05:35,284 - INFO - Additional packages: ['requests', 'pytest']
2025-11-03 16:05:35,728 - INFO - Folder validated: C:\Users\peter\OneDrive\Documents\Coding\gui
2025-11-03 16:05:35,730 - INFO - Auto-detected PyIRC configuration
2025-11-03 16:05:35,731 - INFO - DEV: Simulating library installation completion
2025-11-03 16:05:36,242 - INFO - Created file: run_app.pyw
2025-11-03 16:05:36,243 - INFO - Created file: launch_config.ini
2025-11-03 16:05:36,244 - INFO - Created file: update.pyw
2025-11-03 16:05:36,244 - INFO - Created file: about.pyw
2025-11-03 16:05:36,255 - INFO - Step 5 completed - Created {len(created)} files: {', '.join(created)}
2025-11-03 16:05:37,083 - INFO - Creating venv at C:\Users\peter\OneDrive\Documents\Coding\gui\.test_venv
2025-11-03 16:05:37,083 - INFO - Python executable: C:\Users\peter\OneDrive\Documents\Coding\gui\.venv\Scripts\python.exe
2025-11-03 16:05:37,083 - INFO - Target directory: C:\Users\peter\OneDrive\Documents\Coding\gui
2025-11-03 16:05:37,083 - INFO - Creating new virtual environment...
2025-11-03 16:05:42,836 - INFO - Venv created successfully at: C:\Users\peter\OneDrive\Documents\Coding\gui\.test_venv
2025-11-03 16:05:42,836 - INFO - Verified Python executable at: C:\Users\peter\OneDrive\Documents\Coding\gui\.test_venv\Scripts\python.exe
2025-11-03 16:05:42,837 - INFO - Step 2 (venv creation) completed successfully
2025-11-03 16:05:42,844 - INFO - All steps completed!
2025-11-03 16:34:22,559 - INFO - Setup Wizard started
2025-11-03 16:34:22,559 - INFO - Script directory: C:\Users\peter\OneDrive\Documents\Coding\gui
2025-11-03 16:34:22,560 - INFO - Debug mode: True
2025-11-03 16:34:22,562 - INFO - Main library: productivity_app
2025-11-03 16:34:22,562 - INFO - Additional packages: ['requests', 'pytest']
2025-11-03 16:34:23,015 - INFO - Folder validated: C:\Users\peter\OneDrive\Documents\Coding\gui
2025-11-03 16:34:23,018 - INFO - DEV: Simulating library installation completion
2025-11-03 16:35:52,048 - INFO - Creating venv at C:\Users\peter\OneDrive\Documents\Coding\gui\.test_venv
2025-11-03 16:35:52,048 - INFO - Python executable: C:\Users\peter\OneDrive\Documents\Coding\gui\.venv\Scripts\python.exe
2025-11-03 16:35:52,048 - INFO - Target directory: C:\Users\peter\OneDrive\Documents\Coding\gui
2025-11-03 16:35:52,048 - INFO - Creating new virtual environment...
2025-11-03 16:35:57,832 - INFO - Venv created successfully at: C:\Users\peter\OneDrive\Documents\Coding\gui\.test_venv
2025-11-03 16:35:57,832 - INFO - Verified Python executable at: C:\Users\peter\OneDrive\Documents\Coding\gui\.test_venv\Scripts\python.exe
2025-11-03 16:35:57,832 - INFO - Step 2 (venv creation) completed successfully
2025-11-03 16:36:21,453 - INFO - PyIRC configured with index-url: [global]
index-url = u3uajiojdwaoijdwadkawkdi9218jhn/common-pypi/simple
2025-11-03 16:36:21,979 - INFO - All steps completed!
2025-11-03 16:36:21,979 - INFO - Step 5 completed - All files already existed
2025-11-03 16:36:28,415 - INFO - === Starting Step 4: Library Installation ===
2025-11-03 16:36:28,415 - INFO - Install directory: C:\Users\peter\OneDrive\Documents\Coding\gui
2025-11-03 16:36:28,415 - INFO - Virtual environment Python: C:\Users\peter\OneDrive\Documents\Coding\gui\.test_venv\Scripts\python.exe
2025-11-03 16:36:28,415 - INFO - Main library path: productivity_app
2025-11-03 16:36:28,415 - INFO - Additional packages: ['requests', 'pytest']
2025-11-03 16:36:28,416 - INFO - Installing main library from productivity_app
2025-11-03 16:36:28,416 - INFO - Debug mode: True, using creation_flags: 0, capture_output: False
2025-11-03 16:36:30,322 - ERROR - Main library installation failed with return code: 1
2025-11-03 16:36:30,322 - ERROR - Command: C:\Users\peter\OneDrive\Documents\Coding\gui\.test_venv\Scripts\python.exe -m pip install productivity_app
2025-11-03 16:37:44,873 - INFO - Setup Wizard started
2025-11-03 16:37:44,874 - INFO - Script directory: C:\Users\peter\OneDrive\Documents\Coding\gui
2025-11-03 16:37:44,874 - INFO - Debug mode: True
2025-11-03 16:37:44,877 - INFO - Main library: productivity_app
2025-11-03 16:37:44,877 - INFO - Additional packages: ['requests', 'pytest']
2025-11-03 16:37:45,399 - INFO - Folder validated: C:\Users\peter\OneDrive\Documents\Coding\gui
2025-11-03 16:37:45,400 - INFO - Auto-detected existing venv
2025-11-03 16:37:45,401 - INFO - Auto-detected PyIRC configuration
2025-11-03 16:37:45,403 - INFO - DEV: Simulating library installation completion
2025-11-03 16:37:45,939 - INFO - All steps completed!
2025-11-03 16:37:45,939 - INFO - Step 5 completed - All files already existed
2025-11-03 16:37:45,940 - INFO - All steps completed!
2025-11-03 16:37:45,940 - INFO - Step 5 completed - All files already existed
2025-11-03 16:37:46,927 - INFO - All steps completed!
2025-11-03 16:37:46,927 - INFO - Step 5 completed - All files already existed
2025-11-03 16:38:15,190 - INFO - Setup Wizard started
2025-11-03 16:38:15,190 - INFO - Script directory: C:\Users\peter\OneDrive\Documents\Coding\gui
2025-11-03 16:38:15,191 - INFO - Debug mode: True
2025-11-03 16:38:15,193 - INFO - Main library: productivity_app
2025-11-03 16:38:15,193 - INFO - Additional packages: ['requests', 'pytest']
2025-11-03 16:38:15,611 - INFO - DEV: Simulating folder selection completion
2025-11-03 16:38:15,611 - INFO - DEV: Simulating venv creation completion
2025-11-03 16:38:15,612 - INFO - DEV: Simulating PyIRC configuration completion
2025-11-03 16:38:15,613 - INFO - DEV: Simulating library installation completion
2025-11-03 16:38:16,125 - INFO - Created file: run_app.pyw
2025-11-03 16:38:16,125 - INFO - Created file: launch_config.ini
2025-11-03 16:38:16,126 - INFO - Created file: update.pyw
2025-11-03 16:38:16,126 - INFO - Created file: about.pyw
2025-11-03 16:38:16,137 - INFO - All steps completed!
2025-11-03 16:38:16,137 - INFO - Step 5 completed - Created {len(created)} files: {', '.join(created)}
2025-11-03 16:38:16,138 - INFO - All steps completed!
2025-11-03 16:38:16,138 - INFO - Step 5 completed - All files already existed
2025-11-03 16:38:17,135 - INFO - All steps completed!
2025-11-03 16:38:17,135 - INFO - Step 5 completed - All files already existed
2025-11-03 16:38:53,149 - INFO - Setup Wizard started
2025-11-03 16:38:53,149 - INFO - Script directory: C:\Users\peter\OneDrive\Documents\Coding\gui
2025-11-03 16:38:53,151 - INFO - Debug mode: True
2025-11-03 16:38:53,153 - INFO - Main library: productivity_app
2025-11-03 16:38:53,153 - INFO - Additional packages: ['requests', 'pytest']
2025-11-03 16:38:53,591 - INFO - Folder validated: C:\Users\peter\OneDrive\Documents\Coding\gui
2025-11-03 16:38:53,593 - INFO - Auto-detected PyIRC configuration
2025-11-03 16:38:53,594 - INFO - DEV: Simulating library installation completion
2025-11-03 16:38:57,537 - INFO - Creating venv at C:\Users\peter\OneDrive\Documents\Coding\gui\.test_venv
2025-11-03 16:38:57,537 - INFO - Python executable: C:\Users\peter\OneDrive\Documents\Coding\gui\.venv\Scripts\python.exe
2025-11-03 16:38:57,537 - INFO - Target directory: C:\Users\peter\OneDrive\Documents\Coding\gui
2025-11-03 16:38:57,537 - INFO - Creating new virtual environment...
2025-11-03 16:39:03,202 - INFO - Venv created successfully at: C:\Users\peter\OneDrive\Documents\Coding\gui\.test_venv
2025-11-03 16:39:03,202 - INFO - Verified Python executable at: C:\Users\peter\OneDrive\Documents\Coding\gui\.test_venv\Scripts\python.exe
2025-11-03 16:39:03,203 - INFO - Step 2 (venv creation) completed successfully
2025-11-03 16:39:03,735 - INFO - All steps completed!
2025-11-03 16:39:03,735 - INFO - Step 5 completed - All files already existed
